Compiled jquery.js  (6ms)  (pid 27195)
Compiled jquery_ujs.js  (0ms)  (pid 27195)
Compiled twitter/bootstrap/bootstrap-transition.js  (0ms)  (pid 27195)
Compiled twitter/bootstrap/bootstrap-alert.js  (0ms)  (pid 27195)
Compiled twitter/bootstrap/bootstrap-modal.js  (0ms)  (pid 27195)
Compiled twitter/bootstrap/bootstrap-dropdown.js  (0ms)  (pid 27195)
Compiled twitter/bootstrap/bootstrap-scrollspy.js  (0ms)  (pid 27195)
Compiled twitter/bootstrap/bootstrap-tab.js  (0ms)  (pid 27195)
Compiled twitter/bootstrap/bootstrap-tooltip.js  (0ms)  (pid 27195)
Compiled twitter/bootstrap/bootstrap-popover.js  (0ms)  (pid 27195)
Compiled twitter/bootstrap/bootstrap-button.js  (0ms)  (pid 27195)
Compiled twitter/bootstrap/bootstrap-collapse.js  (0ms)  (pid 27195)
Compiled twitter/bootstrap/bootstrap-carousel.js  (0ms)  (pid 27195)
Compiled twitter/bootstrap/bootstrap-typeahead.js  (0ms)  (pid 27195)
Compiled twitter/bootstrap.js  (259ms)  (pid 27195)
Compiled bootstrap.js  (4713ms)  (pid 27195)
Compiled home.js  (2ms)  (pid 27195)
Compiled tabs.js  (0ms)  (pid 27195)
Compiled application.js  (5739ms)  (pid 27195)
Compiled bootstrap_and_overrides.css  (2757ms)  (pid 27195)
Compiled home.css  (63ms)  (pid 27195)
Compiled application.css  (2918ms)  (pid 27195)
Compiled jquery.js  (4ms)  (pid 27195)
Compiled jquery_ujs.js  (0ms)  (pid 27195)
Compiled twitter/bootstrap/bootstrap-transition.js  (0ms)  (pid 27195)
Compiled twitter/bootstrap/bootstrap-alert.js  (0ms)  (pid 27195)
Compiled twitter/bootstrap/bootstrap-modal.js  (0ms)  (pid 27195)
Compiled twitter/bootstrap/bootstrap-dropdown.js  (0ms)  (pid 27195)
Compiled twitter/bootstrap/bootstrap-scrollspy.js  (1ms)  (pid 27195)
Compiled twitter/bootstrap/bootstrap-tab.js  (0ms)  (pid 27195)
Compiled twitter/bootstrap/bootstrap-tooltip.js  (1ms)  (pid 27195)
Compiled twitter/bootstrap/bootstrap-popover.js  (0ms)  (pid 27195)
Compiled twitter/bootstrap/bootstrap-button.js  (0ms)  (pid 27195)
Compiled twitter/bootstrap/bootstrap-collapse.js  (0ms)  (pid 27195)
Compiled twitter/bootstrap/bootstrap-carousel.js  (0ms)  (pid 27195)
Compiled twitter/bootstrap/bootstrap-typeahead.js  (0ms)  (pid 27195)
Compiled twitter/bootstrap.js  (240ms)  (pid 27195)
Compiled bootstrap.js  (221ms)  (pid 27195)
Compiled home.js  (1ms)  (pid 27195)
Compiled tabs.js  (0ms)  (pid 27195)
Compiled application.js  (547ms)  (pid 27195)
Compiled bootstrap_and_overrides.css  (1600ms)  (pid 27195)
Compiled home.css  (118ms)  (pid 27195)
Compiled application.css  (1776ms)  (pid 27195)
Compiled jquery.js  (7ms)  (pid 32612)
Compiled jquery_ujs.js  (0ms)  (pid 32612)
Compiled twitter/bootstrap/bootstrap-transition.js  (0ms)  (pid 32612)
Compiled twitter/bootstrap/bootstrap-alert.js  (0ms)  (pid 32612)
Compiled twitter/bootstrap/bootstrap-modal.js  (1ms)  (pid 32612)
Compiled twitter/bootstrap/bootstrap-dropdown.js  (0ms)  (pid 32612)
Compiled twitter/bootstrap/bootstrap-scrollspy.js  (0ms)  (pid 32612)
Compiled twitter/bootstrap/bootstrap-tab.js  (0ms)  (pid 32612)
Compiled twitter/bootstrap/bootstrap-tooltip.js  (0ms)  (pid 32612)
Compiled twitter/bootstrap/bootstrap-popover.js  (0ms)  (pid 32612)
Compiled twitter/bootstrap/bootstrap-button.js  (0ms)  (pid 32612)
Compiled twitter/bootstrap/bootstrap-collapse.js  (0ms)  (pid 32612)
Compiled twitter/bootstrap/bootstrap-carousel.js  (0ms)  (pid 32612)
Compiled twitter/bootstrap/bootstrap-typeahead.js  (0ms)  (pid 32612)
Compiled twitter/bootstrap.js  (246ms)  (pid 32612)
Compiled bootstrap.js  (1302ms)  (pid 32612)
Compiled home.js  (1ms)  (pid 32612)
Compiled tabs.js  (0ms)  (pid 32612)
Compiled application.js  (1841ms)  (pid 32612)
Compiled bootstrap_and_overrides.css  (1096ms)  (pid 32612)
Compiled home.css  (72ms)  (pid 32612)
Compiled application.css  (1184ms)  (pid 32612)
Compiled jquery.js  (4ms)  (pid 32612)
Compiled jquery_ujs.js  (0ms)  (pid 32612)
Compiled twitter/bootstrap/bootstrap-transition.js  (0ms)  (pid 32612)
Compiled twitter/bootstrap/bootstrap-alert.js  (0ms)  (pid 32612)
Compiled twitter/bootstrap/bootstrap-modal.js  (0ms)  (pid 32612)
Compiled twitter/bootstrap/bootstrap-dropdown.js  (0ms)  (pid 32612)
Compiled twitter/bootstrap/bootstrap-scrollspy.js  (0ms)  (pid 32612)
Compiled twitter/bootstrap/bootstrap-tab.js  (0ms)  (pid 32612)
Compiled twitter/bootstrap/bootstrap-tooltip.js  (1ms)  (pid 32612)
Compiled twitter/bootstrap/bootstrap-popover.js  (0ms)  (pid 32612)
Compiled twitter/bootstrap/bootstrap-button.js  (0ms)  (pid 32612)
Compiled twitter/bootstrap/bootstrap-collapse.js  (0ms)  (pid 32612)
Compiled twitter/bootstrap/bootstrap-carousel.js  (0ms)  (pid 32612)
Compiled twitter/bootstrap/bootstrap-typeahead.js  (0ms)  (pid 32612)
Compiled twitter/bootstrap.js  (226ms)  (pid 32612)
Compiled bootstrap.js  (201ms)  (pid 32612)
Compiled home.js  (1ms)  (pid 32612)
Compiled tabs.js  (0ms)  (pid 32612)
Compiled application.js  (537ms)  (pid 32612)
Compiled bootstrap_and_overrides.css  (934ms)  (pid 32612)
Compiled home.css  (78ms)  (pid 32612)
Compiled application.css  (1026ms)  (pid 32612)
